#
# There is insufficient memory for the Java Runtime Environment to continue.
# Native memory allocation (malloc) failed to allocate 32744 bytes. Error detail: Chunk::new
# Possible reasons:
#   The system is out of physical RAM or swap space
#   This process is running with CompressedOops enabled, and the Java Heap may be blocking the growth of the native heap
# Possible solutions:
#   Reduce memory load on the system
#   Increase physical memory or swap space
#   Check if swap backing store is full
#   Decrease Java heap size (-Xmx/-Xms)
#   Decrease number of Java threads
#   Decrease Java thread stack sizes (-Xss)
#   Set larger code cache with -XX:ReservedCodeCacheSize=
#   JVM is running with Zero Based Compressed Oops mode in which the Java heap is
#     placed in the first 32GB address space. The Java Heap base address is the
#     maximum limit for the native heap growth. Please use -XX:HeapBaseMinAddress
#     to set the Java Heap base and to place the Java Heap above 32GB virtual address.
# This output file may be truncated or incomplete.
#
#  Out of Memory Error (arena.cpp:162), pid=22336, tid=7868
#
# JRE version: Java(TM) SE Runtime Environment (24.0.2+12) (build 24.0.2+12-54)
# Java VM: Java HotSpot(TM) 64-Bit Server VM (24.0.2+12-54, mixed mode, sharing, tiered, compressed oops, compressed class ptrs, g1 gc, windows-amd64)
# No core dump will be written. Minidumps are not enabled by default on client versions of Windows
#

---------------  S U M M A R Y ------------

Command Line: client.ClientGUI

Host: AMD Ryzen 5 5500U with Radeon Graphics         , 12 cores, 31G,  Windows 11 , 64 bit Build 26100 (10.0.26100.5074)
Time: Mon Sep 15 07:55:41 2025 SE Asia Standard Time elapsed time: 433.922603 seconds (0d 0h 7m 13s)

---------------  T H R E A D  ---------------

Current thread (0x000001f3f67295b0):  JavaThread "C2 CompilerThread0" daemon [_thread_in_native, id=7868, stack(0x0000007107800000,0x0000007107900000) (1024K)]


Current CompileTask:
C2:433922 3721   !   4       java.awt.event.InvocationEvent::dispatch (69 bytes)

Stack: [0x0000007107800000,0x0000007107900000]
Native frames: (J=compiled Java code, j=interpreted, Vv=VM code, C=native code)
V  [jvm.dll+0x730829]  (no source info available)
V  [jvm.dll+0x8d9da3]  (no source info available)
V  [jvm.dll+0x8dc28d]  (no source info available)
V  [jvm.dll+0x8dc903]  (no source info available)
V  [jvm.dll+0x2a9f56]  (no source info available)
V  [jvm.dll+0xced7f]  (no source info available)
V  [jvm.dll+0xcefdf]  (no source info available)
V  [jvm.dll+0x6af46a]  (no source info available)
V  [jvm.dll+0x6b5767]  (no source info available)
V  [jvm.dll+0x6b6a99]  (no source info available)
V  [jvm.dll+0x6b4abc]  (no source info available)
V  [jvm.dll+0x26f483]  (no source info available)
V  [jvm.dll+0x26e8ff]  (no source info available)
V  [jvm.dll+0x1e9c90]  (no source info available)
V  [jvm.dll+0x27e0cb]  (no source info available)
V  [jvm.dll+0x27c36a]  (no source info available)
V  [jvm.dll+0x42f396]  (no source info available)
V  [jvm.dll+0x87d9eb]  (no source info available)
V  [jvm.dll+0x72ef45]  (no source info available)
C  [ucrtbase.dll+0x37b0]  (no source info available)
C  [KERNEL32.DLL+0x2e8d7]  (no source info available)
C  [ntdll.dll+0x8d9c]  (no source info available)

Lock stack of current Java thread (top to bottom):


---------------  P R O C E S S  ---------------

Threads class SMR info:
_java_thread_list=0x000001f3c1b32ef0, length=17, elements={
0x000001f3f66efbf0, 0x000001f3f66f0530, 0x000001f3f66f4360, 0x000001f3f66f4e30,
0x000001f3f66fa4a0, 0x000001f3f67039c0, 0x000001f3f67295b0, 0x000001f3f672a8b0,
0x000001f3c1131a10, 0x000001f3c112e530, 0x000001f3c19f2630, 0x000001f3c12b2900,
0x000001f3c13fe280, 0x000001f3c16479a0, 0x000001f3d04e2e10, 0x000001f3c1d23f40,
0x000001f3cb0d41d0
}

Java Threads: ( => current thread )
  0x000001f3f66efbf0 JavaThread "Reference Handler"          daemon [_thread_blocked, id=1792, stack(0x0000007107200000,0x0000007107300000) (1024K)]
  0x000001f3f66f0530 JavaThread "Finalizer"                  daemon [_thread_blocked, id=19868, stack(0x0000007107300000,0x0000007107400000) (1024K)]
  0x000001f3f66f4360 JavaThread "Signal Dispatcher"          daemon [_thread_blocked, id=13304, stack(0x0000007107400000,0x0000007107500000) (1024K)]
  0x000001f3f66f4e30 JavaThread "Attach Listener"            daemon [_thread_blocked, id=23152, stack(0x0000007107500000,0x0000007107600000) (1024K)]
  0x000001f3f66fa4a0 JavaThread "Service Thread"             daemon [_thread_blocked, id=8664, stack(0x0000007107600000,0x0000007107700000) (1024K)]
  0x000001f3f67039c0 JavaThread "Monitor Deflation Thread"   daemon [_thread_blocked, id=4488, stack(0x0000007107700000,0x0000007107800000) (1024K)]
=>0x000001f3f67295b0 JavaThread "C2 CompilerThread0"         daemon [_thread_in_native, id=7868, stack(0x0000007107800000,0x0000007107900000) (1024K)]
  0x000001f3f672a8b0 JavaThread "C1 CompilerThread0"         daemon [_thread_blocked, id=23824, stack(0x0000007107900000,0x0000007107a00000) (1024K)]
  0x000001f3c1131a10 JavaThread "Notification Thread"        daemon [_thread_blocked, id=22304, stack(0x0000007107a00000,0x0000007107b00000) (1024K)]
  0x000001f3c112e530 JavaThread "Common-Cleaner"             daemon [_thread_blocked, id=14608, stack(0x0000007107b00000,0x0000007107c00000) (1024K)]
  0x000001f3c19f2630 JavaThread "Java2D Disposer"            daemon [_thread_blocked, id=21792, stack(0x0000007107c00000,0x0000007107d00000) (1024K)]
  0x000001f3c12b2900 JavaThread "AWT-Shutdown"                      [_thread_blocked, id=18024, stack(0x0000007107d00000,0x0000007107e00000) (1024K)]
  0x000001f3c13fe280 JavaThread "AWT-Windows"                daemon [_thread_in_native, id=14396, stack(0x0000007107e00000,0x0000007107f00000) (1024K)]
  0x000001f3c16479a0 JavaThread "AWT-EventQueue-0"                  [_thread_blocked, id=8208, stack(0x0000007107f00000,0x0000007108000000) (1024K)]
  0x000001f3d04e2e10 JavaThread "DestroyJavaVM"                     [_thread_blocked, id=17764, stack(0x0000007106a00000,0x0000007106b00000) (1024K)]
  0x000001f3c1d23f40 JavaThread "D3D Screen Updater"         daemon [_thread_blocked, id=5948, stack(0x0000007108c00000,0x0000007108d00000) (1024K)]
  0x000001f3cb0d41d0 JavaThread "TimerQueue"                 daemon [_thread_blocked, id=21372, stack(0x0000007108d00000,0x0000007108e00000) (1024K)]
Total: 17

Other Threads:
  0x000001f3f66dd690 VMThread "VM Thread"                           [id=13560, stack(0x0000007107100000,0x0000007107200000) (1024K)]
  0x000001f3c10819e0 WatcherThread "VM Periodic Task Thread"        [id=11208, stack(0x0000007107000000,0x0000007107100000) (1024K)]
  0x000001f3d2a104a0 WorkerThread "GC Thread#0"                     [id=9736, stack(0x0000007106b00000,0x0000007106c00000) (1024K)]
  0x000001f3d2a24d70 ConcurrentGCThread "G1 Main Marker"            [id=8272, stack(0x0000007106c00000,0x0000007106d00000) (1024K)]
  0x000001f3d2a26680 WorkerThread "G1 Conc#0"                       [id=20960, stack(0x0000007106d00000,0x0000007106e00000) (1024K)]
  0x000001f3f6609860 ConcurrentGCThread "G1 Refine#0"               [id=21648, stack(0x0000007106e00000,0x0000007106f00000) (1024K)]
  0x000001f3f6609da0 ConcurrentGCThread "G1 Service"                [id=23504, stack(0x0000007106f00000,0x0000007107000000) (1024K)]
Total: 7

Threads with active compile tasks:
C2 CompilerThread0  434156 3721   !   4       java.awt.event.InvocationEvent::dispatch (69 bytes)
Total: 1

VM state: not at safepoint (normal execution)

VM Mutex/Monitor currently owned by a thread: None

Heap address: 0x000000060a800000, size: 8024 MB, Compressed Oops mode: Zero based, Oop shift amount: 3

CDS archive(s) mapped at: [0x000001f380000000-0x000001f380d40000-0x000001f380d40000), size 13893632, SharedBaseAddress: 0x000001f380000000, ArchiveRelocationMode: 1.
Compressed class space mapped at: 0x000001f381000000-0x000001f3c1000000, reserved size: 1073741824
UseCompressedClassPointers 1, UseCompactObjectHeaders 0
Narrow klass pointer bits 32, Max shift 3
Narrow klass base: 0x000001f380000000, Narrow klass shift: 0
Encoding Range: [0x000001f380000000 - 0x000001f480000000), (4294967296 bytes)
Klass Range:    [0x000001f380000000 - 0x000001f3c1000000), (1090519040 bytes)
Klass ID Range:  [8 - 1090519033) (1090519025)

GC Precious Log:
 CardTable entry size: 512
 Card Set container configuration: InlinePtr #cards 4 size 8 Array Of Cards #cards 32 size 80 Howl #buckets 8 coarsen threshold 7372 Howl Bitmap #cards 1024 size 144 coarsen threshold 921 Card regions per heap region 1 cards per card region 8192
 CPUs: 12 total, 12 available
 Memory: 32090M
 Large Page Support: Disabled
 NUMA Support: Disabled
 Compressed Oops: Enabled (Zero based)
 Heap Region Size: 4M
 Heap Min Capacity: 8M
 Heap Initial Capacity: 504M
 Heap Max Capacity: 8024M
 Pre-touch: Disabled
 Parallel Workers: 10
 Concurrent Workers: 3
 Concurrent Refinement Workers: 10
 Periodic GC: Disabled

Heap:
 garbage-first heap   total reserved 8216576K, committed 520192K, used 62580K [0x000000060a800000, 0x0000000800000000)
  region size 4096K, 12 young (49152K), 0 survivors (0K)
 Metaspace       used 16586K, committed 17152K, reserved 1114112K
  class space    used 1622K, committed 1856K, reserved 1048576K

Heap Regions: E=young(eden), S=young(survivor), O=old, HS=humongous(starts), HC=humongous(continues), CS=collection set, F=free, TAMS=top-at-mark-start, PB=parsable bottom
|   0|0x000000060a800000, 0x000000060ac00000, 0x000000060ac00000|100%|HS|  |TAMS 0x000000060a800000| PB 0x000000060a800000| Complete |  0
|   1|0x000000060ac00000, 0x000000060b000000, 0x000000060b000000|100%|HS|  |TAMS 0x000000060ac00000| PB 0x000000060ac00000| Complete |  0
|   2|0x000000060b000000, 0x000000060b400000, 0x000000060b400000|100%|HS|  |TAMS 0x000000060b000000| PB 0x000000060b000000| Complete |  0
|   3|0x000000060b400000, 0x000000060b800000, 0x000000060b800000|100%|HC|  |TAMS 0x000000060b400000| PB 0x000000060b400000| Complete |  0
|   4|0x000000060b800000, 0x000000060b800000, 0x000000060bc00000|  0%| F|  |TAMS 0x000000060b800000| PB 0x000000060b800000| Untracked |  0
|   5|0x000000060bc00000, 0x000000060bc00000, 0x000000060c000000|  0%| F|  |TAMS 0x000000060bc00000| PB 0x000000060bc00000| Untracked |  0
|   6|0x000000060c000000, 0x000000060c000000, 0x000000060c400000|  0%| F|  |TAMS 0x000000060c000000| PB 0x000000060c000000| Untracked |  0
|   7|0x000000060c400000, 0x000000060c400000, 0x000000060c800000|  0%| F|  |TAMS 0x000000060c400000| PB 0x000000060c400000| Untracked |  0
|   8|0x000000060c800000, 0x000000060c800000, 0x000000060cc00000|  0%| F|  |TAMS 0x000000060c800000| PB 0x000000060c800000| Untracked |  0
|   9|0x000000060cc00000, 0x000000060cc00000, 0x000000060d000000|  0%| F|  |TAMS 0x000000060cc00000| PB 0x000000060cc00000| Untracked |  0
|  10|0x000000060d000000, 0x000000060d000000, 0x000000060d400000|  0%| F|  |TAMS 0x000000060d000000| PB 0x000000060d000000| Untracked |  0
|  11|0x000000060d400000, 0x000000060d400000, 0x000000060d800000|  0%| F|  |TAMS 0x000000060d400000| PB 0x000000060d400000| Untracked |  0
|  12|0x000000060d800000, 0x000000060d800000, 0x000000060dc00000|  0%| F|  |TAMS 0x000000060d800000| PB 0x000000060d800000| Untracked |  0
|  13|0x000000060dc00000, 0x000000060dc00000, 0x000000060e000000|  0%| F|  |TAMS 0x000000060dc00000| PB 0x000000060dc00000| Untracked |  0
|  14|0x000000060e000000, 0x000000060e000000, 0x000000060e400000|  0%| F|  |TAMS 0x000000060e000000| PB 0x000000060e000000| Untracked |  0
|  15|0x000000060e400000, 0x000000060e400000, 0x000000060e800000|  0%| F|  |TAMS 0x000000060e400000| PB 0x000000060e400000| Untracked |  0
|  16|0x000000060e800000, 0x000000060e800000, 0x000000060ec00000|  0%| F|  |TAMS 0x000000060e800000| PB 0x000000060e800000| Untracked |  0
|  17|0x000000060ec00000, 0x000000060ec00000, 0x000000060f000000|  0%| F|  |TAMS 0x000000060ec00000| PB 0x000000060ec00000| Untracked |  0
|  18|0x000000060f000000, 0x000000060f000000, 0x000000060f400000|  0%| F|  |TAMS 0x000000060f000000| PB 0x000000060f000000| Untracked |  0
|  19|0x000000060f400000, 0x000000060f400000, 0x000000060f800000|  0%| F|  |TAMS 0x000000060f400000| PB 0x000000060f400000| Untracked |  0
|  20|0x000000060f800000, 0x000000060f800000, 0x000000060fc00000|  0%| F|  |TAMS 0x000000060f800000| PB 0x000000060f800000| Untracked |  0
|  21|0x000000060fc00000, 0x000000060fc00000, 0x0000000610000000|  0%| F|  |TAMS 0x000000060fc00000| PB 0x000000060fc00000| Untracked |  0
|  22|0x0000000610000000, 0x0000000610000000, 0x0000000610400000|  0%| F|  |TAMS 0x0000000610000000| PB 0x0000000610000000| Untracked |  0
|  23|0x0000000610400000, 0x0000000610400000, 0x0000000610800000|  0%| F|  |TAMS 0x0000000610400000| PB 0x0000000610400000| Untracked |  0
|  24|0x0000000610800000, 0x0000000610800000, 0x0000000610c00000|  0%| F|  |TAMS 0x0000000610800000| PB 0x0000000610800000| Untracked |  0
|  25|0x0000000610c00000, 0x0000000610c00000, 0x0000000611000000|  0%| F|  |TAMS 0x0000000610c00000| PB 0x0000000610c00000| Untracked |  0
|  26|0x0000000611000000, 0x0000000611000000, 0x0000000611400000|  0%| F|  |TAMS 0x0000000611000000| PB 0x0000000611000000| Untracked |  0
|  27|0x0000000611400000, 0x0000000611400000, 0x0000000611800000|  0%| F|  |TAMS 0x0000000611400000| PB 0x0000000611400000| Untracked |  0
|  28|0x0000000611800000, 0x0000000611800000, 0x0000000611c00000|  0%| F|  |TAMS 0x0000000611800000| PB 0x0000000611800000| Untracked |  0
|  29|0x0000000611c00000, 0x0000000611c00000, 0x0000000612000000|  0%| F|  |TAMS 0x0000000611c00000| PB 0x0000000611c00000| Untracked |  0
|  30|0x0000000612000000, 0x0000000612000000, 0x0000000612400000|  0%| F|  |TAMS 0x0000000612000000| PB 0x0000000612000000| Untracked |  0
|  31|0x0000000612400000, 0x0000000612400000, 0x0000000612800000|  0%| F|  |TAMS 0x0000000612400000| PB 0x0000000612400000| Untracked |  0
|  32|0x0000000612800000, 0x0000000612800000, 0x0000000612c00000|  0%| F|  |TAMS 0x0000000612800000| PB 0x0000000612800000| Untracked |  0
|  33|0x0000000612c00000, 0x0000000612c00000, 0x0000000613000000|  0%| F|  |TAMS 0x0000000612c00000| PB 0x0000000612c00000| Untracked |  0
|  34|0x0000000613000000, 0x0000000613000000, 0x0000000613400000|  0%| F|  |TAMS 0x0000000613000000| PB 0x0000000613000000| Untracked |  0
|  35|0x0000000613400000, 0x0000000613400000, 0x0000000613800000|  0%| F|  |TAMS 0x0000000613400000| PB 0x0000000613400000| Untracked |  0
|  36|0x0000000613800000, 0x0000000613800000, 0x0000000613c00000|  0%| F|  |TAMS 0x0000000613800000| PB 0x0000000613800000| Untracked |  0
|  37|0x0000000613c00000, 0x0000000613c00000, 0x0000000614000000|  0%| F|  |TAMS 0x0000000613c00000| PB 0x0000000613c00000| Untracked |  0
|  38|0x0000000614000000, 0x0000000614000000, 0x0000000614400000|  0%| F|  |TAMS 0x0000000614000000| PB 0x0000000614000000| Untracked |  0
|  39|0x0000000614400000, 0x0000000614400000, 0x0000000614800000|  0%| F|  |TAMS 0x0000000614400000| PB 0x0000000614400000| Untracked |  0
|  40|0x0000000614800000, 0x0000000614800000, 0x0000000614c00000|  0%| F|  |TAMS 0x0000000614800000| PB 0x0000000614800000| Untracked |  0
|  41|0x0000000614c00000, 0x0000000614c00000, 0x0000000615000000|  0%| F|  |TAMS 0x0000000614c00000| PB 0x0000000614c00000| Untracked |  0
|  42|0x0000000615000000, 0x0000000615000000, 0x0000000615400000|  0%| F|  |TAMS 0x0000000615000000| PB 0x0000000615000000| Untracked |  0
|  43|0x0000000615400000, 0x0000000615400000, 0x0000000615800000|  0%| F|  |TAMS 0x0000000615400000| PB 0x0000000615400000| Untracked |  0
|  44|0x0000000615800000, 0x0000000615800000, 0x0000000615c00000|  0%| F|  |TAMS 0x0000000615800000| PB 0x0000000615800000| Untracked |  0
|  45|0x0000000615c00000, 0x0000000615c00000, 0x0000000616000000|  0%| F|  |TAMS 0x0000000615c00000| PB 0x0000000615c00000| Untracked |  0
|  46|0x0000000616000000, 0x0000000616000000, 0x0000000616400000|  0%| F|  |TAMS 0x0000000616000000| PB 0x0000000616000000| Untracked |  0
|  47|0x0000000616400000, 0x0000000616400000, 0x0000000616800000|  0%| F|  |TAMS 0x0000000616400000| PB 0x0000000616400000| Untracked |  0
|  48|0x0000000616800000, 0x0000000616800000, 0x0000000616c00000|  0%| F|  |TAMS 0x0000000616800000| PB 0x0000000616800000| Untracked |  0
|  49|0x0000000616c00000, 0x0000000616c00000, 0x0000000617000000|  0%| F|  |TAMS 0x0000000616c00000| PB 0x0000000616c00000| Untracked |  0
|  50|0x0000000617000000, 0x0000000617000000, 0x0000000617400000|  0%| F|  |TAMS 0x0000000617000000| PB 0x0000000617000000| Untracked |  0
|  51|0x0000000617400000, 0x0000000617400000, 0x0000000617800000|  0%| F|  |TAMS 0x0000000617400000| PB 0x0000000617400000| Untracked |  0
|  52|0x0000000617800000, 0x0000000617800000, 0x0000000617c00000|  0%| F|  |TAMS 0x0000000617800000| PB 0x0000000617800000| Untracked |  0
|  53|0x0000000617c00000, 0x0000000617c00000, 0x0000000618000000|  0%| F|  |TAMS 0x0000000617c00000| PB 0x0000000617c00000| Untracked |  0
|  54|0x0000000618000000, 0x0000000618000000, 0x0000000618400000|  0%| F|  |TAMS 0x0000000618000000| PB 0x0000000618000000| Untracked |  0
|  55|0x0000000618400000, 0x0000000618400000, 0x0000000618800000|  0%| F|  |TAMS 0x0000000618400000| PB 0x0000000618400000| Untracked |  0
|  56|0x0000000618800000, 0x0000000618800000, 0x0000000618c00000|  0%| F|  |TAMS 0x0000000618800000| PB 0x0000000618800000| Untracked |  0
|  57|0x0000000618c00000, 0x0000000618c00000, 0x0000000619000000|  0%| F|  |TAMS 0x0000000618c00000| PB 0x0000000618c00000| Untracked |  0
|  58|0x0000000619000000, 0x0000000619000000, 0x0000000619400000|  0%| F|  |TAMS 0x0000000619000000| PB 0x0000000619000000| Untracked |  0
|  59|0x0000000619400000, 0x0000000619400000, 0x0000000619800000|  0%| F|  |TAMS 0x0000000619400000| PB 0x0000000619400000| Untracked |  0
|  60|0x0000000619800000, 0x0000000619800000, 0x0000000619c00000|  0%| F|  |TAMS 0x0000000619800000| PB 0x0000000619800000| Untracked |  0
|  61|0x0000000619c00000, 0x0000000619c00000, 0x000000061a000000|  0%| F|  |TAMS 0x0000000619c00000| PB 0x0000000619c00000| Untracked |  0
|  62|0x000000061a000000, 0x000000061a000000, 0x000000061a400000|  0%| F|  |TAMS 0x000000061a000000| PB 0x000000061a000000| Untracked |  0
|  63|0x000000061a400000, 0x000000061a400000, 0x000000061a800000|  0%| F|  |TAMS 0x000000061a400000| PB 0x000000061a400000| Untracked |  0
|  64|0x000000061a800000, 0x000000061a800000, 0x000000061ac00000|  0%| F|  |TAMS 0x000000061a800000| PB 0x000000061a800000| Untracked |  0
|  65|0x000000061ac00000, 0x000000061ac00000, 0x000000061b000000|  0%| F|  |TAMS 0x000000061ac00000| PB 0x000000061ac00000| Untracked |  0
|  66|0x000000061b000000, 0x000000061b000000, 0x000000061b400000|  0%| F|  |TAMS 0x000000061b000000| PB 0x000000061b000000| Untracked |  0
|  67|0x000000061b400000, 0x000000061b400000, 0x000000061b800000|  0%| F|  |TAMS 0x000000061b400000| PB 0x000000061b400000| Untracked |  0
|  68|0x000000061b800000, 0x000000061b800000, 0x000000061bc00000|  0%| F|  |TAMS 0x000000061b800000| PB 0x000000061b800000| Untracked |  0
|  69|0x000000061bc00000, 0x000000061bc00000, 0x000000061c000000|  0%| F|  |TAMS 0x000000061bc00000| PB 0x000000061bc00000| Untracked |  0
|  70|0x000000061c000000, 0x000000061c000000, 0x000000061c400000|  0%| F|  |TAMS 0x000000061c000000| PB 0x000000061c000000| Untracked |  0
|  71|0x000000061c400000, 0x000000061c400000, 0x000000061c800000|  0%| F|  |TAMS 0x000000061c400000| PB 0x000000061c400000| Untracked |  0
|  72|0x000000061c800000, 0x000000061c800000, 0x000000061cc00000|  0%| F|  |TAMS 0x000000061c800000| PB 0x000000061c800000| Untracked |  0
|  73|0x000000061cc00000, 0x000000061cc00000, 0x000000061d000000|  0%| F|  |TAMS 0x000000061cc00000| PB 0x000000061cc00000| Untracked |  0
|  74|0x000000061d000000, 0x000000061d000000, 0x000000061d400000|  0%| F|  |TAMS 0x000000061d000000| PB 0x000000061d000000| Untracked |  0
|  75|0x000000061d400000, 0x000000061d400000, 0x000000061d800000|  0%| F|  |TAMS 0x000000061d400000| PB 0x000000061d400000| Untracked |  0
|  76|0x000000061d800000, 0x000000061d800000, 0x000000061dc00000|  0%| F|  |TAMS 0x000000061d800000| PB 0x000000061d800000| Untracked |  0
|  77|0x000000061dc00000, 0x000000061dc00000, 0x000000061e000000|  0%| F|  |TAMS 0x000000061dc00000| PB 0x000000061dc00000| Untracked |  0
|  78|0x000000061e000000, 0x000000061e000000, 0x000000061e400000|  0%| F|  |TAMS 0x000000061e000000| PB 0x000000061e000000| Untracked |  0
|  79|0x000000061e400000, 0x000000061e400000, 0x000000061e800000|  0%| F|  |TAMS 0x000000061e400000| PB 0x000000061e400000| Untracked |  0
|  80|0x000000061e800000, 0x000000061e800000, 0x000000061ec00000|  0%| F|  |TAMS 0x000000061e800000| PB 0x000000061e800000| Untracked |  0
|  81|0x000000061ec00000, 0x000000061ec00000, 0x000000061f000000|  0%| F|  |TAMS 0x000000061ec00000| PB 0x000000061ec00000| Untracked |  0
|  82|0x000000061f000000, 0x000000061f000000, 0x000000061f400000|  0%| F|  |TAMS 0x000000061f000000| PB 0x000000061f000000| Untracked |  0
|  83|0x000000061f400000, 0x000000061f400000, 0x000000061f800000|  0%| F|  |TAMS 0x000000061f400000| PB 0x000000061f400000| Untracked |  0
|  84|0x000000061f800000, 0x000000061f800000, 0x000000061fc00000|  0%| F|  |TAMS 0x000000061f800000| PB 0x000000061f800000| Untracked |  0
|  85|0x000000061fc00000, 0x000000061fc00000, 0x0000000620000000|  0%| F|  |TAMS 0x000000061fc00000| PB 0x000000061fc00000| Untracked |  0
|  86|0x0000000620000000, 0x0000000620000000, 0x0000000620400000|  0%| F|  |TAMS 0x0000000620000000| PB 0x0000000620000000| Untracked |  0
|  87|0x0000000620400000, 0x0000000620400000, 0x0000000620800000|  0%| F|  |TAMS 0x0000000620400000| PB 0x0000000620400000| Untracked |  0
|  88|0x0000000620800000, 0x0000000620800000, 0x0000000620c00000|  0%| F|  |TAMS 0x0000000620800000| PB 0x0000000620800000| Untracked |  0
|  89|0x0000000620c00000, 0x0000000620c00000, 0x0000000621000000|  0%| F|  |TAMS 0x0000000620c00000| PB 0x0000000620c00000| Untracked |  0
|  90|0x0000000621000000, 0x0000000621000000, 0x0000000621400000|  0%| F|  |TAMS 0x0000000621000000| PB 0x0000000621000000| Untracked |  0
|  91|0x0000000621400000, 0x0000000621400000, 0x0000000621800000|  0%| F|  |TAMS 0x0000000621400000| PB 0x0000000621400000| Untracked |  0
|  92|0x0000000621800000, 0x0000000621800000, 0x0000000621c00000|  0%| F|  |TAMS 0x0000000621800000| PB 0x0000000621800000| Untracked |  0
|  93|0x0000000621c00000, 0x0000000621c00000, 0x0000000622000000|  0%| F|  |TAMS 0x0000000621c00000| PB 0x0000000621c00000| Untracked |  0
|  94|0x0000000622000000, 0x0000000622000000, 0x0000000622400000|  0%| F|  |TAMS 0x0000000622000000| PB 0x0000000622000000| Untracked |  0
|  95|0x0000000622400000, 0x0000000622400000, 0x0000000622800000|  0%| F|  |TAMS 0x0000000622400000| PB 0x0000000622400000| Untracked |  0
|  96|0x0000000622800000, 0x0000000622800000, 0x0000000622c00000|  0%| F|  |TAMS 0x0000000622800000| PB 0x0000000622800000| Untracked |  0
|  97|0x0000000622c00000, 0x0000000622c00000, 0x0000000623000000|  0%| F|  |TAMS 0x0000000622c00000| PB 0x0000000622c00000| Untracked |  0
|  98|0x0000000623000000, 0x0000000623000000, 0x0000000623400000|  0%| F|  |TAMS 0x0000000623000000| PB 0x0000000623000000| Untracked |  0
|  99|0x0000000623400000, 0x0000000623400000, 0x0000000623800000|  0%| F|  |TAMS 0x0000000623400000| PB 0x0000000623400000| Untracked |  0
| 100|0x0000000623800000, 0x0000000623800000, 0x0000000623c00000|  0%| F|  |TAMS 0x0000000623800000| PB 0x0000000623800000| Untracked |  0
| 101|0x0000000623c00000, 0x0000000623c00000, 0x0000000624000000|  0%| F|  |TAMS 0x0000000623c00000| PB 0x0000000623c00000| Untracked |  0
| 102|0x0000000624000000, 0x0000000624000000, 0x0000000624400000|  0%| F|  |TAMS 0x0000000624000000| PB 0x0000000624000000| Untracked |  0
| 103|0x0000000624400000, 0x0000000624400000, 0x0000000624800000|  0%| F|  |TAMS 0x0000000624400000| PB 0x0000000624400000| Untracked |  0
| 104|0x0000000624800000, 0x0000000624800000, 0x0000000624c00000|  0%| F|  |TAMS 0x0000000624800000| PB 0x0000000624800000| Untracked |  0
| 105|0x0000000624c00000, 0x0000000624c00000, 0x0000000625000000|  0%| F|  |TAMS 0x0000000624c00000| PB 0x0000000624c00000| Untracked |  0
| 106|0x0000000625000000, 0x0000000625000000, 0x0000000625400000|  0%| F|  |TAMS 0x0000000625000000| PB 0x0000000625000000| Untracked |  0
| 107|0x0000000625400000, 0x0000000625400000, 0x0000000625800000|  0%| F|  |TAMS 0x0000000625400000| PB 0x0000000625400000| Untracked |  0
| 108|0x0000000625800000, 0x0000000625800000, 0x0000000625c00000|  0%| F|  |TAMS 0x0000000625800000| PB 0x0000000625800000| Untracked |  0
| 109|0x0000000625c00000, 0x0000000625c00000, 0x0000000626000000|  0%| F|  |TAMS 0x0000000625c00000| PB 0x0000000625c00000| Untracked |  0
| 110|0x0000000626000000, 0x0000000626000000, 0x0000000626400000|  0%| F|  |TAMS 0x0000000626000000| PB 0x0000000626000000| Untracked |  0
| 111|0x0000000626400000, 0x0000000626400000, 0x0000000626800000|  0%| F|  |TAMS 0x0000000626400000| PB 0x0000000626400000| Untracked |  0
| 112|0x0000000626800000, 0x0000000626800000, 0x0000000626c00000|  0%| F|  |TAMS 0x0000000626800000| PB 0x0000000626800000| Untracked |  0
| 113|0x0000000626c00000, 0x0000000626c00000, 0x0000000627000000|  0%| F|  |TAMS 0x0000000626c00000| PB 0x0000000626c00000| Untracked |  0
| 114|0x0000000627000000, 0x00000006273db140, 0x0000000627400000| 96%| E|  |TAMS 0x0000000627000000| PB 0x0000000627000000| Complete |  0
| 115|0x0000000627400000, 0x0000000627800000, 0x0000000627800000|100%| E|CS|TAMS 0x0000000627400000| PB 0x0000000627400000| Complete |  0
| 116|0x0000000627800000, 0x0000000627c00000, 0x0000000627c00000|100%| E|CS|TAMS 0x0000000627800000| PB 0x0000000627800000| Complete |  0
| 117|0x0000000627c00000, 0x0000000628000000, 0x0000000628000000|100%| E|CS|TAMS 0x0000000627c00000| PB 0x0000000627c00000| Complete |  0
| 118|0x0000000628000000, 0x0000000628400000, 0x0000000628400000|100%| E|CS|TAMS 0x0000000628000000| PB 0x0000000628000000| Complete |  0
| 119|0x0000000628400000, 0x0000000628800000, 0x0000000628800000|100%| E|CS|TAMS 0x0000000628400000| PB 0x0000000628400000| Complete |  0
| 120|0x0000000628800000, 0x0000000628c00000, 0x0000000628c00000|100%| E|CS|TAMS 0x0000000628800000| PB 0x0000000628800000| Complete |  0
| 121|0x0000000628c00000, 0x0000000629000000, 0x0000000629000000|100%| E|CS|TAMS 0x0000000628c00000| PB 0x0000000628c00000| Complete |  0
| 122|0x0000000629000000, 0x0000000629400000, 0x0000000629400000|100%| E|CS|TAMS 0x0000000629000000| PB 0x0000000629000000| Complete |  0
| 123|0x0000000629400000, 0x0000000629800000, 0x0000000629800000|100%| E|CS|TAMS 0x0000000629400000| PB 0x0000000629400000| Complete |  0
| 124|0x0000000629800000, 0x0000000629c00000, 0x0000000629c00000|100%| E|CS|TAMS 0x0000000629800000| PB 0x0000000629800000| Complete |  0
| 125|0x0000000629c00000, 0x000000062a000000, 0x000000062a000000|100%| E|CS|TAMS 0x0000000629c00000| PB 0x0000000629c00000| Complete |  0
|2005|0x00000007ffc00000, 0x00000007ffd1d248, 0x0000000800000000| 27%| O|  |TAMS 0x00000007ffc00000| PB 0x00000007ffc00000| Untracked |  0

Card table byte_map: [0x000001f3eb710000,0x000001f3ec6c0000] _byte_map_base: 0x000001f3e86bc000

Marking Bits: (CMBitMap*) 0x000001f3d2a10ac0
 Bits: [0x000001f3ec6c0000, 0x000001f3f4420000)

Polling page: 0x000001f3d0950000

Metaspace:

Usage:
  Non-class:     14.61 MB used.
      Class:      1.58 MB used.
       Both:     16.20 MB used.

Virtual space:
  Non-class space:       64.00 MB reserved,      14.94 MB ( 23%) committed,  1 nodes.
      Class space:        1.00 GB reserved,       1.81 MB ( <1%) committed,  1 nodes.
             Both:        1.06 GB reserved,      16.75 MB (  2%) committed. 

Chunk freelists:
   Non-Class:  1018.00 KB
       Class:  14.23 MB
        Both:  15.22 MB

MaxMetaspaceSize: unlimited
CompressedClassSpaceSize: 1.00 GB
Initial GC threshold: 21.00 MB
Current GC threshold: 21.00 MB
CDS: on
 - commit_granule_bytes: 65536.
 - commit_granule_words: 8192.
 - virtual_space_node_default_size: 8388608.
 - enlarge_chunks_in_place: 1.
UseCompressedClassPointers 1, UseCompactObjectHeaders 0
Narrow klass pointer bits 32, Max shift 3
Narrow klass base: 0x000001f380000000, Narrow klass shift: 0
Encoding Range: [0x000001f380000000 - 0x000001f480000000), (4294967296 bytes)
Klass Range:    [0x000001f380000000 - 0x000001f3c1000000), (1090519040 bytes)
Klass ID Range:  [8 - 1090519033) (1090519025)


Internal statistics:

num_allocs_failed_limit: 0.
num_arena_births: 656.
num_arena_deaths: 0.
num_vsnodes_births: 2.
num_vsnodes_deaths: 0.
num_space_committed: 268.
num_space_uncommitted: 0.
num_chunks_returned_to_freelist: 0.
num_chunks_taken_from_freelist: 779.
num_chunk_merges: 0.
num_chunk_splits: 513.
num_chunks_enlarged: 284.
num_inconsistent_stats: 0.

CodeHeap 'non-profiled nmethods': size=120064Kb used=1245Kb max_used=1245Kb free=118818Kb
 bounds [0x000001f3e2cd0000, 0x000001f3e2f40000, 0x000001f3ea210000]
CodeHeap 'profiled nmethods': size=120000Kb used=6222Kb max_used=6222Kb free=113777Kb
 bounds [0x000001f3db210000, 0x000001f3db830000, 0x000001f3e2740000]
CodeHeap 'non-nmethods': size=5696Kb used=1710Kb max_used=1787Kb free=3986Kb
 bounds [0x000001f3e2740000, 0x000001f3e29b0000, 0x000001f3e2cd0000]
CodeCache: size=245760Kb, used=9177Kb, max_used=9254Kb, free=236581Kb
 total_blobs=4613, nmethods=3731, adapters=776, full_count=0
Compilation: enabled, stopped_count=0, restarted_count=0

Compilation events (20 events):
Event: 430.472 Thread 0x000001f3f672a8b0 3714       3       sun.awt.image.IntegerComponentRaster::verify (410 bytes)
Event: 430.473 Thread 0x000001f3f672a8b0 nmethod 3714 0x000001f3db81aa08 code [0x000001f3db81acc0, 0x000001f3db81ba58]
Event: 431.695 Thread 0x000001f3f672a8b0 3715       3       javax.swing.text.Utilities::drawTabbedText (423 bytes)
Event: 431.696 Thread 0x000001f3f672a8b0 nmethod 3715 0x000001f3db81ba88 code [0x000001f3db81bd40, 0x000001f3db81d398]
Event: 431.696 Thread 0x000001f3f672a8b0 3716       3       javax.swing.border.AbstractBorder::paintBorder (1 bytes)
Event: 431.696 Thread 0x000001f3f672a8b0 nmethod 3716 0x000001f3db81d488 code [0x000001f3db81d5a0, 0x000001f3db81d6a8]
Event: 431.703 Thread 0x000001f3f67295b0 3717   !   4       java.awt.event.InvocationEvent::finishedDispatching (53 bytes)
Event: 431.704 Thread 0x000001f3f67295b0 nmethod 3717 0x000001f3e2e05d88 code [0x000001f3e2e05e80, 0x000001f3e2e05f48]
Event: 431.910 Thread 0x000001f3f672a8b0 3718       3       java.util.ArrayList::listIterator (15 bytes)
Event: 431.910 Thread 0x000001f3f67295b0 3719       4       java.util.ArrayList$Itr::checkForComodification (23 bytes)
Event: 431.910 Thread 0x000001f3f672a8b0 nmethod 3718 0x000001f3db81d788 code [0x000001f3db81d8e0, 0x000001f3db81de10]
Event: 431.910 Thread 0x000001f3f672a8b0 3720       1       javax.swing.JComponent::isValidateRoot (2 bytes)
Event: 431.911 Thread 0x000001f3f67295b0 nmethod 3719 0x000001f3e2e06088 code [0x000001f3e2e06180, 0x000001f3e2e06230]
Event: 431.911 Thread 0x000001f3f672a8b0 nmethod 3720 0x000001f3e2e06388 code [0x000001f3e2e06480, 0x000001f3e2e06548]
Event: 431.911 Thread 0x000001f3f67295b0 3721   !   4       java.awt.event.InvocationEvent::dispatch (69 bytes)
Event: 431.914 Thread 0x000001f3f672a8b0 3722       3       sun.java2d.SunGraphics2D::drawImage (23 bytes)
Event: 431.914 Thread 0x000001f3f672a8b0 nmethod 3722 0x000001f3db81de88 code [0x000001f3db81dfa0, 0x000001f3db81e1b0]
Event: 431.914 Thread 0x000001f3f672a8b0 3723   !   3       sun.java2d.SunGraphics2D::drawImage (310 bytes)
Event: 433.915 Thread 0x000001f3f672a8b0 nmethod 3723 0x000001f3db81e208 code [0x000001f3db81e420, 0x000001f3db81f6c0]
Event: 433.920 Thread 0x000001f3f672a8b0 3724   !   3       sun.java2d.SunGraphics2D::drawString (130 bytes)

GC Heap History (0 events):
No events

Dll operation events (12 events):
Event: 0.016 Loaded shared library C:\Program Files\Java\jdk-24\bin\java.dll
Event: 0.065 Loaded shared library C:\Program Files\Java\jdk-24\bin\jsvml.dll
Event: 0.114 Loaded shared library C:\Program Files\Java\jdk-24\bin\jimage.dll
Event: 0.135 Loaded shared library C:\Program Files\Java\jdk-24\bin\awt.dll
Event: 0.708 Loaded shared library C:\Program Files\Java\jdk-24\bin\zip.dll
Event: 0.867 Loaded shared library C:\Program Files\Java\jdk-24\bin\freetype.dll
Event: 0.869 Loaded shared library C:\Program Files\Java\jdk-24\bin\fontmanager.dll
Event: 0.961 Loaded shared library C:\Program Files\Java\jdk-24\bin\net.dll
Event: 0.964 Loaded shared library C:\Program Files\Java\jdk-24\bin\nio.dll
Event: 1.123 Loaded shared library C:\Program Files\Java\jdk-24\bin\extnet.dll
Event: 5.345 Loaded shared library C:\Windows\System32\ucrtbase.dll
Event: 5.349 Loaded shared library C:\Program Files\Java\jdk-24\bin\syslookup.dll

Deoptimization events (20 events):
Event: 422.268 Thread 0x000001f3c16479a0 Uncommon trap: trap_request=0xffffffde fr.pc=0x000001f3e2da0888 relative=0x0000000000000dc8
Event: 422.268 Thread 0x000001f3c16479a0 Uncommon trap: reason=class_check action=maybe_recompile pc=0x000001f3e2da0888 method=java.util.HashMap.putVal(ILjava/lang/Object;Ljava/lang/Object;ZZ)Ljava/lang/Object; @ 91 c2
Event: 422.268 Thread 0x000001f3c16479a0 DEOPT PACKING pc=0x000001f3e2da0888 sp=0x0000007107ffdf20
Event: 422.268 Thread 0x000001f3c16479a0 DEOPT UNPACKING pc=0x000001f3e2855d02 sp=0x0000007107ffddb8 mode 2
Event: 422.292 Thread 0x000001f3c16479a0 Uncommon trap: trap_request=0xffffffde fr.pc=0x000001f3e2df4284 relative=0x0000000000000644
Event: 422.292 Thread 0x000001f3c16479a0 Uncommon trap: reason=class_check action=maybe_recompile pc=0x000001f3e2df4284 method=java.util.HashMap.putVal(ILjava/lang/Object;Ljava/lang/Object;ZZ)Ljava/lang/Object; @ 203 c2
Event: 422.292 Thread 0x000001f3c16479a0 DEOPT PACKING pc=0x000001f3e2df4284 sp=0x0000007107ffe1a0
Event: 422.292 Thread 0x000001f3c16479a0 DEOPT UNPACKING pc=0x000001f3e2855d02 sp=0x0000007107ffe100 mode 2
Event: 422.292 Thread 0x000001f3c16479a0 Uncommon trap: trap_request=0xffffffde fr.pc=0x000001f3e2df4284 relative=0x0000000000000644
Event: 422.292 Thread 0x000001f3c16479a0 Uncommon trap: reason=class_check action=maybe_recompile pc=0x000001f3e2df4284 method=java.util.HashMap.putVal(ILjava/lang/Object;Ljava/lang/Object;ZZ)Ljava/lang/Object; @ 203 c2
Event: 422.292 Thread 0x000001f3c16479a0 DEOPT PACKING pc=0x000001f3e2df4284 sp=0x0000007107ffe1a0
Event: 422.292 Thread 0x000001f3c16479a0 DEOPT UNPACKING pc=0x000001f3e2855d02 sp=0x0000007107ffe100 mode 2
Event: 424.271 Thread 0x000001f3c16479a0 Uncommon trap: trap_request=0xffffff54 fr.pc=0x000001f3e2dedc6c relative=0x000000000000006c
Event: 424.271 Thread 0x000001f3c16479a0 Uncommon trap: reason=speculate_null_assert action=make_not_entrant pc=0x000001f3e2dedc6c method=jdk.internal.misc.Unsafe.getIntUnaligned(Ljava/lang/Object;JZ)I @ 5 c2
Event: 424.271 Thread 0x000001f3c16479a0 DEOPT PACKING pc=0x000001f3e2dedc6c sp=0x0000007107ffe380
Event: 424.271 Thread 0x000001f3c16479a0 DEOPT UNPACKING pc=0x000001f3e2855d02 sp=0x0000007107ffe2e8 mode 2
Event: 425.802 Thread 0x000001f3c16479a0 Uncommon trap: trap_request=0xffffff4d fr.pc=0x000001f3e2d9a1f8 relative=0x0000000000000e18
Event: 425.802 Thread 0x000001f3c16479a0 Uncommon trap: reason=unstable_if action=reinterpret pc=0x000001f3e2d9a1f8 method=java.awt.Container.getMouseEventTargetImpl(IIZLjava/awt/Container$EventTargetFilter;ZZ)Ljava/awt/Component; @ 218 c2
Event: 425.802 Thread 0x000001f3c16479a0 DEOPT PACKING pc=0x000001f3e2d9a1f8 sp=0x0000007107ffeeb0
Event: 425.802 Thread 0x000001f3c16479a0 DEOPT UNPACKING pc=0x000001f3e2855d02 sp=0x0000007107ffedb8 mode 2

Classes loaded (20 events):
Event: 422.276 Loading class java/util/AbstractMap$SimpleEntry
Event: 422.276 Loading class java/util/AbstractMap$SimpleEntry done
Event: 422.295 Loading class sun/awt/datatransfer/ClipboardTransferable$DataFactory
Event: 422.295 Loading class sun/awt/datatransfer/ClipboardTransferable$DataFactory done
Event: 422.295 Loading class sun/datatransfer/DataFlavorUtil$DataFlavorComparator
Event: 422.296 Loading class sun/datatransfer/DataFlavorUtil$DataFlavorComparator done
Event: 422.296 Loading class sun/datatransfer/DataFlavorUtil$RMI
Event: 422.296 Loading class sun/datatransfer/DataFlavorUtil$RMI done
Event: 422.296 Loading class java/rmi/Remote
Event: 422.296 Loading class java/rmi/Remote done
Event: 422.296 Loading class java/rmi/MarshalledObject
Event: 422.296 Loading class java/rmi/MarshalledObject done
Event: 422.299 Loading class sun/awt/datatransfer/DataTransferer$ReencodingInputStream
Event: 422.299 Loading class sun/awt/datatransfer/DataTransferer$ReencodingInputStream done
Event: 422.299 Loading class sun/nio/cs/UTF_16LE$Decoder
Event: 422.299 Loading class sun/nio/cs/UTF_16LE$Decoder done
Event: 422.299 Loading class sun/nio/cs/UTF_16$Encoder
Event: 422.299 Loading class sun/nio/cs/UnicodeEncoder
Event: 422.300 Loading class sun/nio/cs/UnicodeEncoder done
Event: 422.300 Loading class sun/nio/cs/UTF_16$Encoder done

Classes unloaded (0 events):
No events

Classes redefined (0 events):
No events

Internal exceptions (20 events):
Event: 5.669 Thread 0x000001f3c16479a0 Exception <a 'java/lang/NoSuchMethodError'{0x000000062878f360}: 'int java.lang.invoke.DelegatingMethodHandle$Holder.reinvoke_L(java.lang.Object, java.lang.Object, int, long)'> (0x000000062878f360) 
thrown [s\open\src\hotspot\share\interpreter\linkResolver.cpp, line 805]
Event: 5.670 Thread 0x000001f3c16479a0 Exception <a 'java/lang/NoSuchMethodError'{0x000000062879f9a8}: 'int java.lang.invoke.DirectMethodHandle$Holder.invokeSpecial(java.lang.Object, java.lang.Object, int, long)'> (0x000000062879f9a8) 
thrown [s\open\src\hotspot\share\interpreter\linkResolver.cpp, line 805]
Event: 5.671 Thread 0x000001f3c16479a0 Exception <a 'java/lang/NoSuchMethodError'{0x00000006287a7c58}: 'int java.lang.invoke.Invokers$Holder.exactInvoker(java.lang.Object, java.lang.Object, int, long)'> (0x00000006287a7c58) 
thrown [s\open\src\hotspot\share\interpreter\linkResolver.cpp, line 805]
Event: 5.671 Thread 0x000001f3c16479a0 Exception <a 'java/lang/NoSuchMethodError'{0x00000006287b0650}: 'int java.lang.invoke.DelegatingMethodHandle$Holder.delegate(java.lang.Object, java.lang.Object, int, long)'> (0x00000006287b0650) 
thrown [s\open\src\hotspot\share\interpreter\linkResolver.cpp, line 805]
Event: 5.673 Thread 0x000001f3c16479a0 Exception <a 'java/lang/NoSuchMethodError'{0x00000006287c20a8}: 'long java.lang.invoke.DirectMethodHandle$Holder.invokeSpecial(java.lang.Object, java.lang.Object, long, long)'> (0x00000006287c20a8) 
thrown [s\open\src\hotspot\share\interpreter\linkResolver.cpp, line 805]
Event: 5.681 Thread 0x000001f3c16479a0 Exception <a 'java/lang/NoSuchMethodError'{0x00000006287fd4c0}: 'void java.lang.invoke.DirectMethodHandle$Holder.invokeSpecial(java.lang.Object, java.lang.Object, float, java.lang.Object, java.lang.Object, java.lang.Object, int, int, int, int, int, float, float, int, int, java.lang.Object, java.lang.Object)'> (0x00000006287fd4c0) 
thrown [s\open\src\hotspot\share\interpreter\linkResolver.cpp, line 805]
Event: 5.684 Thread 0x000001f3c16479a0 Exception <a 'java/lang/NoSuchMethodError'{0x0000000628020240}: 'int java.lang.invoke.DirectMethodHandle$Holder.invokeSpecial(java.lang.Object, java.lang.Object, int, java.lang.Object)'> (0x0000000628020240) 
thrown [s\open\src\hotspot\share\interpreter\linkResolver.cpp, line 805]
Event: 5.686 Thread 0x000001f3c16479a0 Exception <a 'java/lang/NoSuchMethodError'{0x00000006280302d8}: 'java.lang.Object java.lang.invoke.Invokers$Holder.invokeExact_MT(java.lang.Object, long, java.lang.Object)'> (0x00000006280302d8) 
thrown [s\open\src\hotspot\share\interpreter\linkResolver.cpp, line 805]
Event: 5.691 Thread 0x000001f3c16479a0 Exception <a 'java/lang/NoSuchMethodError'{0x000000062806be48}: 'java.lang.Object java.lang.invoke.DirectMethodHandle$Holder.invokeStatic(java.lang.Object, java.lang.Object, java.lang.Object, java.lang.Object, java.lang.Object, java.lang.Object, long)'> (0x000000062806be48) 
thrown [s\open\src\hotspot\share\interpreter\linkResolver.cpp, line 805]
Event: 5.697 Thread 0x000001f3c16479a0 Exception <a 'java/lang/NoSuchMethodError'{0x00000006280c1970}: 'int java.lang.invoke.Invokers$Holder.invokeExact_MT(java.lang.Object, java.lang.Object, java.lang.Object, int, java.lang.Object, java.lang.Object)'> (0x00000006280c1970) 
thrown [s\open\src\hotspot\share\interpreter\linkResolver.cpp, line 805]
Event: 5.701 Thread 0x000001f3c16479a0 Exception <a 'java/lang/NoSuchMethodError'{0x00000006280eb540}: 'int java.lang.invoke.DelegatingMethodHandle$Holder.reinvoke_L(java.lang.Object, java.lang.Object, java.lang.Object, java.lang.Object, long, long)'> (0x00000006280eb540) 
thrown [s\open\src\hotspot\share\interpreter\linkResolver.cpp, line 805]
Event: 5.704 Thread 0x000001f3c16479a0 Exception <a 'java/lang/NoSuchMethodError'{0x0000000628113c48}: 'java.lang.Object java.lang.invoke.DirectMethodHandle$Holder.invokeStatic(java.lang.Object, java.lang.Object, java.lang.Object, java.lang.Object, java.lang.Object, long, java.lang.Object)'> (0x0000000628113c48) 
thrown [s\open\src\hotspot\share\interpreter\linkResolver.cpp, line 805]
Event: 9.925 Thread 0x000001f3c16479a0 Exception <a 'java/lang/NoSuchMethodError'{0x00000006282219b8}: 'long java.lang.invoke.DirectMethodHandle$Holder.invokeSpecial(java.lang.Object, java.lang.Object)'> (0x00000006282219b8) 
thrown [s\open\src\hotspot\share\interpreter\linkResolver.cpp, line 805]
Event: 9.926 Thread 0x000001f3c16479a0 Exception <a 'java/lang/NoSuchMethodError'{0x0000000628229b20}: 'long java.lang.invoke.Invokers$Holder.invokeExact_MT(java.lang.Object, java.lang.Object)'> (0x0000000628229b20) 
thrown [s\open\src\hotspot\share\interpreter\linkResolver.cpp, line 805]
Event: 10.025 Thread 0x000001f3c16479a0 Exception <a 'java/lang/NoSuchMethodError'{0x000000062824b448}: static Lmodel/User;.<clinit>()V> (0x000000062824b448) 
thrown [s\open\src\hotspot\share\prims\jni.cpp, line 1108]
Event: 10.097 Thread 0x000001f3c16479a0 Exception <a 'java/lang/NoSuchMethodError'{0x00000006282c8f98}: 'void java.lang.invoke.Invokers$Holder.invokeExact_MT(java.lang.Object, java.lang.Object, java.lang.Object, java.lang.Object)'> (0x00000006282c8f98) 
thrown [s\open\src\hotspot\share\interpreter\linkResolver.cpp, line 805]
Event: 10.105 Thread 0x000001f3c16479a0 Exception <a 'java/lang/NoSuchMethodError'{0x00000006282d80b0}: static Lmodel/Movie;.<clinit>()V> (0x00000006282d80b0) 
thrown [s\open\src\hotspot\share\prims\jni.cpp, line 1108]
Event: 10.117 Thread 0x000001f3c16479a0 Exception <a 'java/lang/NoSuchMethodError'{0x00000006282ff548}: 'java.lang.Object java.lang.invoke.DelegatingMethodHandle$Holder.reinvoke_L(java.lang.Object, java.lang.Object, int, java.lang.Object, java.lang.Object, double, long, java.lang.Object, int, int)'> (0x00000006282ff548) 
thrown [s\open\src\hotspot\share\interpreter\linkResolver.cpp, line 805]
Event: 23.463 Thread 0x000001f3c16479a0 Exception <a 'java/lang/NoSuchMethodError'{0x0000000627f38e68}: static Lmodel/Ticket;.<clinit>()V> (0x0000000627f38e68) 
thrown [s\open\src\hotspot\share\prims\jni.cpp, line 1108]
Event: 23.469 Thread 0x000001f3c16479a0 Exception <a 'java/lang/NoSuchMethodError'{0x0000000627f57fa0}: 'java.lang.Object java.lang.invoke.DelegatingMethodHandle$Holder.reinvoke_L(java.lang.Object, java.lang.Object, int, java.lang.Object, int, int, long, double)'> (0x0000000627f57fa0) 
thrown [s\open\src\hotspot\share\interpreter\linkResolver.cpp, line 805]

VM Operations (20 events):
Event: 5.680 Executing VM operation: HandshakeAllThreads (Deoptimize)
Event: 5.680 Executing VM operation: HandshakeAllThreads (Deoptimize) done
Event: 10.029 Executing VM operation: HandshakeAllThreads (Deoptimize)
Event: 10.029 Executing VM operation: HandshakeAllThreads (Deoptimize) done
Event: 29.760 Executing VM operation: HandshakeAllThreads (Deoptimize)
Event: 29.761 Executing VM operation: HandshakeAllThreads (Deoptimize) done
Event: 29.887 Executing VM operation: HandshakeAllThreads (Deoptimize)
Event: 29.887 Executing VM operation: HandshakeAllThreads (Deoptimize) done
Event: 60.156 Executing VM operation: HandshakeAllThreads (HandshakeForDeflation)
Event: 60.156 Executing VM operation: HandshakeAllThreads (HandshakeForDeflation) done
Event: 60.156 Executing VM operation: RendezvousGCThreads
Event: 60.156 Executing VM operation: RendezvousGCThreads done
Event: 357.439 Executing VM operation: HandshakeAllThreads (HandshakeForDeflation)
Event: 357.439 Executing VM operation: HandshakeAllThreads (HandshakeForDeflation) done
Event: 357.439 Executing VM operation: RendezvousGCThreads
Event: 357.439 Executing VM operation: RendezvousGCThreads done
Event: 417.551 Executing VM operation: HandshakeAllThreads (HandshakeForDeflation)
Event: 417.551 Executing VM operation: HandshakeAllThreads (HandshakeForDeflation) done
Event: 417.551 Executing VM operation: RendezvousGCThreads
Event: 417.551 Executing VM operation: RendezvousGCThreads done

Memory protections (0 events):
No events

Nmethod flushes (0 events):
No events

Events (20 events):
Event: 0.227 Thread 0x000001f3d04e2e10 Thread added: 0x000001f3c13fe280
Event: 0.248 Thread 0x000001f3d04e2e10 Thread added: 0x000001f3c16479a0
Event: 0.249 Thread 0x000001f3d04e2e10 Thread exited: 0x000001f3d04e2e10
Event: 0.249 Thread 0x000001f3d04e2e10 Thread added: 0x000001f3d04e2e10
Event: 1.154 Thread 0x000001f3c16479a0 Thread added: 0x000001f3cb08f0f0
Event: 1.238 Thread 0x000001f3c16479a0 Thread added: 0x000001f3c1d23f40
Event: 2.969 Thread 0x000001f3c16479a0 Thread added: 0x000001f3cb0d41d0
Event: 5.548 Thread 0x000001f3f672a8b0 Thread added: 0x000001f3c1730ac0
Event: 5.950 Thread 0x000001f3c1730ac0 Thread exited: 0x000001f3c1730ac0
Event: 6.168 Thread 0x000001f3cb08f0f0 Thread exited: 0x000001f3cb08f0f0
Event: 14.347 Thread 0x000001f3f672a8b0 Thread added: 0x000001f3c1697ad0
Event: 14.722 Thread 0x000001f3c1697ad0 Thread exited: 0x000001f3c1697ad0
Event: 17.195 Thread 0x000001f3c16479a0 Thread added: 0x000001f3cb0d4920
Event: 22.197 Thread 0x000001f3cb0d4920 Thread exited: 0x000001f3cb0d4920
Event: 29.904 Thread 0x000001f3f672a8b0 Thread added: 0x000001f3cb189960
Event: 33.913 Thread 0x000001f3cb189960 Thread exited: 0x000001f3cb189960
Event: 422.276 Thread 0x000001f3f67295b0 Thread added: 0x000001f3cb4c0470
Event: 422.279 Thread 0x000001f3f672a8b0 Thread added: 0x000001f3c193a260
Event: 422.802 Thread 0x000001f3c193a260 Thread exited: 0x000001f3c193a260
Event: 422.802 Thread 0x000001f3cb4c0470 Thread exited: 0x000001f3cb4c0470


Dynamic libraries:
0x00007ff7e11c0000 - 0x00007ff7e11d0000 	C:\Program Files\Java\jdk-24\bin\java.exe
0x00007ff8c76a0000 - 0x00007ff8c7909000 	C:\WINDOWS\SYSTEM32\ntdll.dll
0x00007ff8c54d0000 - 0x00007ff8c5599000 	C:\WINDOWS\System32\KERNEL32.DLL
0x00007ff8c4e50000 - 0x00007ff8c5243000 	C:\WINDOWS\System32\KERNELBASE.dll
0x00007ff8c4860000 - 0x00007ff8c49ab000 	C:\WINDOWS\System32\ucrtbase.dll
0x00007ff8bc9e0000 - 0x00007ff8bc9fb000 	C:\Program Files\Java\jdk-24\bin\VCRUNTIME140.dll
0x00007ff8bc9c0000 - 0x00007ff8bc9d6000 	C:\Program Files\Java\jdk-24\bin\jli.dll
0x00007ff8c6d20000 - 0x00007ff8c6ee4000 	C:\WINDOWS\System32\USER32.dll
0x00007ff8c4830000 - 0x00007ff8c4857000 	C:\WINDOWS\System32\win32u.dll
0x00007ff8b4500000 - 0x00007ff8b4793000 	C:\WINDOWS\WinSxS\amd64_microsoft.windows.common-controls_6595b64144ccf1df_6.0.26100.5074_none_3e0d6f78e32fd63f\COMCTL32.dll
0x00007ff8c6ef0000 - 0x00007ff8c6f1b000 	C:\WINDOWS\System32\GDI32.dll
0x00007ff8c7090000 - 0x00007ff8c7139000 	C:\WINDOWS\System32\msvcrt.dll
0x00007ff8c4d20000 - 0x00007ff8c4e4d000 	C:\WINDOWS\System32\gdi32full.dll
0x00007ff8c4a40000 - 0x00007ff8c4ae3000 	C:\WINDOWS\System32\msvcp_win.dll
0x00007ff8c5720000 - 0x00007ff8c574f000 	C:\WINDOWS\System32\IMM32.DLL
0x00007ff8c1940000 - 0x00007ff8c194c000 	C:\Program Files\Java\jdk-24\bin\vcruntime140_1.dll
0x00007ff865410000 - 0x00007ff86549e000 	C:\Program Files\Java\jdk-24\bin\msvcp140.dll
0x00007ff821790000 - 0x00007ff822531000 	C:\Program Files\Java\jdk-24\bin\server\jvm.dll
0x00007ff8c5630000 - 0x00007ff8c56e4000 	C:\WINDOWS\System32\ADVAPI32.dll
0x00007ff8c6730000 - 0x00007ff8c67d6000 	C:\WINDOWS\System32\sechost.dll
0x00007ff8c6470000 - 0x00007ff8c6588000 	C:\WINDOWS\System32\RPCRT4.dll
0x00007ff8c6290000 - 0x00007ff8c6304000 	C:\WINDOWS\System32\WS2_32.dll
0x00007ff8c46b0000 - 0x00007ff8c470e000 	C:\WINDOWS\SYSTEM32\POWRPROF.dll
0x00007ff8bbe90000 - 0x00007ff8bbec5000 	C:\WINDOWS\SYSTEM32\WINMM.dll
0x00007ff8bc260000 - 0x00007ff8bc26b000 	C:\WINDOWS\SYSTEM32\VERSION.dll
0x00007ff8c4690000 - 0x00007ff8c46a4000 	C:\WINDOWS\SYSTEM32\UMPDC.dll
0x00007ff8c3610000 - 0x00007ff8c362b000 	C:\WINDOWS\SYSTEM32\kernel.appcore.dll
0x00007ff8c1910000 - 0x00007ff8c191a000 	C:\Program Files\Java\jdk-24\bin\jimage.dll
0x00007ff8b4cd0000 - 0x00007ff8b4f12000 	C:\WINDOWS\SYSTEM32\DBGHELP.DLL
0x00007ff8c6940000 - 0x00007ff8c6cbb000 	C:\WINDOWS\System32\combase.dll
0x00007ff8c67e0000 - 0x00007ff8c68b7000 	C:\WINDOWS\System32\OLEAUT32.dll
0x00007ff8af410000 - 0x00007ff8af44d000 	C:\WINDOWS\SYSTEM32\dbgcore.DLL
0x00007ff8c53d0000 - 0x00007ff8c5469000 	C:\WINDOWS\System32\bcryptPrimitives.dll
0x00007ff8bc980000 - 0x00007ff8bc99e000 	C:\Program Files\Java\jdk-24\bin\java.dll
0x00007ff8c6590000 - 0x00007ff8c6728000 	C:\WINDOWS\System32\ole32.dll
0x00007ff8c5b40000 - 0x00007ff8c628d000 	C:\WINDOWS\System32\SHELL32.dll
0x00007ff8c4af0000 - 0x00007ff8c4c5c000 	C:\WINDOWS\System32\wintypes.dll
0x00007ff8c24d0000 - 0x00007ff8c2d29000 	C:\WINDOWS\SYSTEM32\windows.storage.dll
0x00007ff8c5760000 - 0x00007ff8c5850000 	C:\WINDOWS\System32\SHCORE.dll
0x00007ff8c6f20000 - 0x00007ff8c6f82000 	C:\WINDOWS\System32\shlwapi.dll
0x00007ff8c4750000 - 0x00007ff8c4779000 	C:\WINDOWS\SYSTEM32\profapi.dll
0x00007ff865140000 - 0x00007ff865217000 	C:\Program Files\Java\jdk-24\bin\jsvml.dll
0x00007ff860af0000 - 0x00007ff860c6f000 	C:\Program Files\Java\jdk-24\bin\awt.dll
0x00007ff8c1780000 - 0x00007ff8c181e000 	C:\WINDOWS\SYSTEM32\apphelp.dll
0x00007ff8c1ba0000 - 0x00007ff8c1c48000 	C:\WINDOWS\system32\uxtheme.dll
0x00007ff8c6310000 - 0x00007ff8c6468000 	C:\WINDOWS\System32\MSCTF.dll
0x00007ff8c1e50000 - 0x00007ff8c1e7b000 	C:\WINDOWS\system32\DWMAPI.DLL
0x00007ff865030000 - 0x00007ff86513c000 	C:\WINDOWS\system32\opengl32.dll
0x00007ff8b68e0000 - 0x00007ff8b690d000 	C:\WINDOWS\SYSTEM32\GLU32.dll
0x00007ff8c1ca0000 - 0x00007ff8c1ce4000 	C:\WINDOWS\SYSTEM32\dxcore.dll
0x00007ff8953b0000 - 0x00007ff895561000 	C:\WINDOWS\system32\d3d9.dll
0x00007ff8bbed0000 - 0x00007ff8bc0ab000 	C:\WINDOWS\System32\DriverStore\FileRepository\u0371182.inf_amd64_e046f8d87ec91fad\B371034\aticfx64.dll
0x00007ff8a8800000 - 0x00007ff8a8833000 	C:\WINDOWS\System32\DriverStore\FileRepository\u0371182.inf_amd64_e046f8d87ec91fad\B371034\atiu9p64.dll
0x00007ff820a80000 - 0x00007ff82178c000 	C:\WINDOWS\System32\DriverStore\FileRepository\u0371182.inf_amd64_e046f8d87ec91fad\B371034\atiumd64.dll
0x000000005ebe0000 - 0x000000005fa9e000 	C:\WINDOWS\System32\DriverStore\FileRepository\u0371182.inf_amd64_e046f8d87ec91fad\B371034\atiumd6a.dll
0x00007ff8c4720000 - 0x00007ff8c4746000 	C:\WINDOWS\SYSTEM32\bcrypt.dll
0x00007ff8b9bd0000 - 0x00007ff8b9bff000 	C:\WINDOWS\SYSTEM32\amdihk64.dll
0x00007ff8bd5c0000 - 0x00007ff8bd620000 	C:\WINDOWS\SYSTEM32\directxdatabasehelper.dll
0x00007ff8b9150000 - 0x00007ff8b9167000 	C:\Program Files\Java\jdk-24\bin\zip.dll
0x00007ff864e70000 - 0x00007ff864ef7000 	C:\Program Files\Java\jdk-24\bin\freetype.dll
0x00007ff864170000 - 0x00007ff864257000 	C:\Program Files\Java\jdk-24\bin\fontmanager.dll
0x00007ff8c58a0000 - 0x00007ff8c5951000 	C:\WINDOWS\System32\clbcatq.dll
0x00007ff8bf8b0000 - 0x00007ff8bfadf000 	C:\WINDOWS\SYSTEM32\WindowsCodecs.dll
0x00007ff88c9a0000 - 0x00007ff88c9fa000 	C:\WINDOWS\system32\dataexchange.dll
0x00007ff8b8840000 - 0x00007ff8b8a79000 	C:\WINDOWS\system32\twinapi.appcore.dll
0x00007ff8c0f00000 - 0x00007ff8c0f10000 	C:\Program Files\Java\jdk-24\bin\net.dll
0x00007ff8c3b90000 - 0x00007ff8c3bfb000 	C:\WINDOWS\system32\mswsock.dll
0x00007ff8bc440000 - 0x00007ff8bc456000 	C:\Program Files\Java\jdk-24\bin\nio.dll
0x00007ff8a0100000 - 0x00007ff8a0249000 	C:\WINDOWS\SYSTEM32\textinputframework.dll
0x00007ff8c30c0000 - 0x00007ff8c31e6000 	C:\WINDOWS\SYSTEM32\DNSAPI.dll
0x00007ff8c3030000 - 0x00007ff8c3064000 	C:\WINDOWS\SYSTEM32\IPHLPAPI.DLL
0x00007ff8c5470000 - 0x00007ff8c547a000 	C:\WINDOWS\System32\NSI.dll
0x00007ff8b9c30000 - 0x00007ff8b9c3b000 	C:\Windows\System32\rasadhlp.dll
0x00007ff8bbcb0000 - 0x00007ff8bbd36000 	C:\WINDOWS\System32\fwpuclnt.dll
0x00007ff8bc940000 - 0x00007ff8bc949000 	C:\Program Files\Java\jdk-24\bin\extnet.dll
0x00007ff8c1320000 - 0x00007ff8c1445000 	C:\WINDOWS\SYSTEM32\CoreMessaging.dll
0x00007ff8bc5f0000 - 0x00007ff8bc8d3000 	C:\WINDOWS\SYSTEM32\CoreUIComponents.dll
0x00007ff8c3e50000 - 0x00007ff8c3e5c000 	C:\WINDOWS\SYSTEM32\CRYPTBASE.DLL
0x00007ff8b1c30000 - 0x00007ff8b1c39000 	C:\Program Files\Java\jdk-24\bin\syslookup.dll
0x00007ff88e8a0000 - 0x00007ff88e91e000 	C:\WINDOWS\system32\Ninput.dll
0x00007ff8be6e0000 - 0x00007ff8be6f1000 	C:\WINDOWS\SYSTEM32\wtdccm.dll

JVMTI agents: none

dbghelp: loaded successfully - version: 4.0.5 - missing functions: none
symbol engine: initialized successfully - sym options: 0x614 - pdb path: .;C:\Program Files\Java\jdk-24\bin;C:\WINDOWS\SYSTEM32;C:\WINDOWS\WinSxS\amd64_microsoft.windows.common-controls_6595b64144ccf1df_6.0.26100.5074_none_3e0d6f78e32fd63f;C:\Program Files\Java\jdk-24\bin\server;C:\WINDOWS\System32\DriverStore\FileRepository\u0371182.inf_amd64_e046f8d87ec91fad\B371034

VM Arguments:
java_command: client.ClientGUI
java_class_path (initial): bin
Launcher Type: SUN_STANDARD

[Global flags]
     intx CICompilerCount                          = 4                                         {product} {ergonomic}
     uint ConcGCThreads                            = 3                                         {product} {ergonomic}
     uint G1ConcRefinementThreads                  = 10                                        {product} {ergonomic}
   size_t G1HeapRegionSize                         = 4194304                                   {product} {ergonomic}
   size_t InitialHeapSize                          = 528482304                                 {product} {ergonomic}
   size_t MarkStackSize                            = 4194304                                   {product} {ergonomic}
   size_t MarkStackSizeMax                         = 536870912                                 {product} {ergonomic}
   size_t MaxHeapSize                              = 8413773824                                {product} {ergonomic}
   size_t MaxNewSize                               = 5045747712                                {product} {ergonomic}
   size_t MinHeapDeltaBytes                        = 4194304                                   {product} {ergonomic}
   size_t MinHeapSize                              = 8388608                                   {product} {ergonomic}
    uintx NonNMethodCodeHeapSize                   = 5832704                                {pd product} {ergonomic}
    uintx NonProfiledCodeHeapSize                  = 122945536                              {pd product} {ergonomic}
    uintx ProfiledCodeHeapSize                     = 122880000                              {pd product} {ergonomic}
    uintx ReservedCodeCacheSize                    = 251658240                              {pd product} {ergonomic}
     bool SegmentedCodeCache                       = true                                      {product} {ergonomic}
   size_t SoftMaxHeapSize                          = 8413773824                             {manageable} {ergonomic}
     bool UseCompressedOops                        = true                           {product lp64_product} {ergonomic}
     bool UseG1GC                                  = true                                      {product} {ergonomic}
     bool UseLargePagesIndividualAllocation        = false                                  {pd product} {ergonomic}

Logging:
Log output configuration:
 #0: stdout all=warning uptime,level,tags foldmultilines=false
 #1: stderr all=off uptime,level,tags foldmultilines=false

Environment Variables:
JAVA_HOME=C:\Program Files\Java\jdk-24
PATH=C:\Program Files\Common Files\Oracle\Java\javapath;D:\hocbackend_Game\WINDOWS.X64_193000_db_home\bin;c:\Users\Lapto\AppData\Local\Programs\cursor\resources\app\bin;C:\WINDOWS\system32;C:\WINDOWS;C:\WINDOWS\System32\Wbem;C:\WINDOWS\System32\WindowsPowerShell\v1.0\;C:\WINDOWS\System32\OpenSSH\;C:\Program Files\Microsoft SQL Server\150\Tools\Binn\;C:\Program Files\Microsoft SQL Server\Client SDK\ODBC\170\Tools\Binn\;C:\Program Files\dotnet\;C:\Program Files\Git\cmd;C:\Program Files (x86)\Microsoft SQL Server\160\Tools\Binn\;C:\Program Files\Microsoft SQL Server\160\Tools\Binn\;C:\Program Files\Microsoft SQL Server\160\DTS\Binn\;C:\Users\Lapto\AppData\Local\Packages\PythonSoftwareFoundation.Python.3.11_qbz5n2kfra8p0\LocalCache\local-packages\Python311\Scripts;C:\mobile\flutter_windows_3.24.5-stable\flutter\bin;C:\Program Files\nodejs\;C:\ProgramData\chocolatey\bin;C:\Users\Lapto\AppData\Local\Microsoft\WindowsApps;C:\Users\Lapto\.dotnet\tools;C:\Users\Lapto\A;C:\Users\Lapto\AppData\Local\Programs\Python\Python313\Scripts\;C:\Users\Lapto\AppData\Local\Programs\Python\Python313\;C:\Users\Lapto\AppData\Local\Muse Hub\lib;C:\Program Files\Java\jdk-24\bin;C:\Users\Lapto\AppData\Local\Programs\Python\Python313\Scripts\;C:\Users\Lapto\AppData\Local\Programs\Python\Python313\;C:\Users\Lapto\AppData\Local\Microsoft\WindowsApps;C:\Users\Lapto\.dotnet\tools;C:\Users\Lapto\AppData\Roaming\npm;C:\Users\Lapto\AppData\Local\Programs\cursor\resources\app\bin;C:\Users\Lapto\AppData\Local\Programs\Microsoft VS Code\bin;
USERNAME=Lapto
OS=Windows_NT
PROCESSOR_IDENTIFIER=AMD64 Family 23 Model 104 Stepping 1, AuthenticAMD
TMP=C:\Users\Lapto\AppData\Local\Temp
TEMP=C:\Users\Lapto\AppData\Local\Temp




Periodic native trim disabled

---------------  S Y S T E M  ---------------

OS:
 Windows 11 , 64 bit Build 26100 (10.0.26100.5074)
OS uptime: 4 days 1:24 hours

CPU: total 12 (initial active 12) (12 cores per cpu, 2 threads per core) family 23 model 104 stepping 1 microcode 0x8608103, cx8, cmov, fxsr, ht, mmx, 3dnowpref, sse, sse2, sse3, ssse3, sse4a, sse4.1, sse4.2, popcnt, lzcnt, tsc, tscinvbit, avx, avx2, aes, clmul, bmi1, bmi2, adx, sha, fma, vzeroupper, clflush, clflushopt, rdtscp, rdpid, f16c
Processor Information for the first 12 processors :
  Max Mhz: 2100, Current Mhz: 2100, Mhz Limit: 2100

Memory: 4k page, system-wide physical 32090M (13316M free)
TotalPageFile size 61766M (AvailPageFile size 245M)
current process WorkingSet (physical memory assigned to process): 185M, peak: 196M
current process commit charge ("private bytes"): 716M, peak: 724M

vm_info: Java HotSpot(TM) 64-Bit Server VM (24.0.2+12-54) for windows-amd64 JRE (24.0.2+12-54), built on 2025-07-08T12:10:27Z with MS VC++ 17.6 (VS2022)

END.
